<?xml version="1.0" encoding="UTF-8"?>
<!-- Generated by org.testng.reporters.JUnitReportReporter -->
<testsuite hostname="LAPTOP-CH78PVGF" failures="0" tests="1" name="test.TestNGexp3" time="0.001" errors="0" timestamp="2022-08-25T16:07:53 IST" skipped="0">
  <testcase classname="test.TestNGexp3" name="Dance" time="0.001"/>
  <system-out/>
</testsuite> <!-- test.TestNGexp3 -->
