<?xml version="1.0" encoding="UTF-8"?>
<!-- Generated by org.testng.reporters.JUnitReportReporter -->
<testsuite hostname="LAPTOP-CH78PVGF" failures="0" tests="2" name="test.TestNGexp1" time="0.007" errors="0" timestamp="2022-08-25T16:07:53 IST" skipped="0">
  <testcase classname="test.TestNGexp1" name="draw" time="0.002"/>
  <system-out/>
  <testcase classname="test.TestNGexp1" name="Demo" time="0.005"/>
  <system-out/>
</testsuite> <!-- test.TestNGexp1 -->
